This file contains any messages produced by compilers while
running configure, to aid debugging if configure makes a mistake.

It was created by Stacks configure 1.18, which was
generated by GNU Autoconf 2.69.  Invocation command line was

  $ ./configure 

## --------- ##
## Platform. ##
## --------- ##

hostname = rubyg-Dell-System-Inspiron-15-7000-Series-7537
uname -m = x86_64
uname -r = 3.11.0-18-generic
uname -s = Linux
uname -v = #32-Ubuntu SMP Tue Feb 18 21:11:14 UTC 2014

/usr/bin/uname -p = unknown
/bin/uname -X     = unknown

/bin/arch              = unknown
/usr/bin/arch -k       = unknown
/usr/convex/getsysinfo = unknown
/usr/bin/hostinfo      = unknown
/bin/machine           = unknown
/usr/bin/oslevel       = unknown
/bin/universe          = unknown

PATH: /usr/lib/lightdm/lightdm
PATH: /usr/local/sbin
PATH: /usr/local/bin
PATH: /usr/sbin
PATH: /usr/bin
PATH: /sbin
PATH: /bin
PATH: /usr/games
PATH: /usr/local/games


## ----------- ##
## Core tests. ##
## ----------- ##

configure:2309: checking for a BSD-compatible install
configure:2377: result: /usr/bin/install -c
configure:2388: checking whether build environment is sane
configure:2443: result: yes
configure:2594: checking for a thread-safe mkdir -p
configure:2633: result: /bin/mkdir -p
configure:2640: checking for gawk
configure:2670: result: no
configure:2640: checking for mawk
configure:2656: found /usr/bin/mawk
configure:2667: result: mawk
configure:2678: checking whether make sets $(MAKE)
configure:2700: result: yes
configure:2729: checking whether make supports nested variables
configure:2746: result: yes
configure:2954: checking for g++
configure:2970: found /usr/bin/g++
configure:2981: result: g++
configure:3008: checking for C++ compiler version
configure:3017: g++ --version >&5
g++ (Ubuntu/Linaro 4.8.1-10ubuntu9) 4.8.1
Copyright (C) 2013 Free Software Foundation, Inc.
This is free software; see the source for copying conditions.  There is NO
warranty; not even for MERCHANTABILITY or FITNESS FOR A PARTICULAR PURPOSE.

configure:3028: $? = 0
configure:3017: g++ -v >&5
Using built-in specs.
COLLECT_GCC=g++
COLLECT_LTO_WRAPPER=/usr/lib/gcc/x86_64-linux-gnu/4.8/lto-wrapper
Target: x86_64-linux-gnu
Configured with: ../src/configure -v --with-pkgversion='Ubuntu/Linaro 4.8.1-10ubuntu9' --with-bugurl=file:///usr/share/doc/gcc-4.8/README.Bugs --enable-languages=c,c++,java,go,d,fortran,objc,obj-c++ --prefix=/usr --program-suffix=-4.8 --enable-shared --enable-linker-build-id --libexecdir=/usr/lib --without-included-gettext --enable-threads=posix --with-gxx-include-dir=/usr/include/c++/4.8 --libdir=/usr/lib --enable-nls --with-sysroot=/ --enable-clocale=gnu --enable-libstdcxx-debug --enable-libstdcxx-time=yes --enable-gnu-unique-object --enable-plugin --with-system-zlib --disable-browser-plugin --enable-java-awt=gtk --enable-gtk-cairo --with-java-home=/usr/lib/jvm/java-1.5.0-gcj-4.8-amd64/jre --enable-java-home --with-jvm-root-dir=/usr/lib/jvm/java-1.5.0-gcj-4.8-amd64 --with-jvm-jar-dir=/usr/lib/jvm-exports/java-1.5.0-gcj-4.8-amd64 --with-arch-directory=amd64 --with-ecj-jar=/usr/share/java/eclipse-ecj.jar --enable-objc-gc --enable-multiarch --disable-werror --with-arch-32=i686 --with-abi=m64 --with-multilib-list=m32,m64,mx32 --with-tune=generic --enable-checking=release --build=x86_64-linux-gnu --host=x86_64-linux-gnu --target=x86_64-linux-gnu
Thread model: posix
gcc version 4.8.1 (Ubuntu/Linaro 4.8.1-10ubuntu9) 
configure:3028: $? = 0
configure:3017: g++ -V >&5
g++: error: unrecognized command line option '-V'
g++: fatal error: no input files
compilation terminated.
configure:3028: $? = 4
configure:3017: g++ -qversion >&5
g++: error: unrecognized command line option '-qversion'
g++: fatal error: no input files
compilation terminated.
configure:3028: $? = 4
configure:3048: checking whether the C++ compiler works
configure:3070: g++    conftest.cpp  >&5
configure:3074: $? = 0
configure:3122: result: yes
configure:3125: checking for C++ compiler default output file name
configure:3127: result: a.out
configure:3133: checking for suffix of executables
configure:3140: g++ -o conftest    conftest.cpp  >&5
configure:3144: $? = 0
configure:3166: result: 
configure:3188: checking whether we are cross compiling
configure:3196: g++ -o conftest    conftest.cpp  >&5
configure:3200: $? = 0
configure:3207: ./conftest
configure:3211: $? = 0
configure:3226: result: no
configure:3231: checking for suffix of object files
configure:3253: g++ -c   conftest.cpp >&5
configure:3257: $? = 0
configure:3278: result: o
configure:3282: checking whether we are using the GNU C++ compiler
configure:3301: g++ -c   conftest.cpp >&5
configure:3301: $? = 0
configure:3310: result: yes
configure:3319: checking whether g++ accepts -g
configure:3339: g++ -c -g  conftest.cpp >&5
configure:3339: $? = 0
configure:3380: result: yes
configure:3414: checking for style of include used by make
configure:3442: result: GNU
configure:3468: checking dependency style of g++
configure:3579: result: gcc3
configure:3642: checking for gcc
configure:3658: found /usr/bin/gcc
configure:3669: result: gcc
configure:3898: checking for C compiler version
configure:3907: gcc --version >&5
gcc (Ubuntu/Linaro 4.8.1-10ubuntu9) 4.8.1
Copyright (C) 2013 Free Software Foundation, Inc.
This is free software; see the source for copying conditions.  There is NO
warranty; not even for MERCHANTABILITY or FITNESS FOR A PARTICULAR PURPOSE.

configure:3918: $? = 0
configure:3907: gcc -v >&5
Using built-in specs.
COLLECT_GCC=gcc
COLLECT_LTO_WRAPPER=/usr/lib/gcc/x86_64-linux-gnu/4.8/lto-wrapper
Target: x86_64-linux-gnu
Configured with: ../src/configure -v --with-pkgversion='Ubuntu/Linaro 4.8.1-10ubuntu9' --with-bugurl=file:///usr/share/doc/gcc-4.8/README.Bugs --enable-languages=c,c++,java,go,d,fortran,objc,obj-c++ --prefix=/usr --program-suffix=-4.8 --enable-shared --enable-linker-build-id --libexecdir=/usr/lib --without-included-gettext --enable-threads=posix --with-gxx-include-dir=/usr/include/c++/4.8 --libdir=/usr/lib --enable-nls --with-sysroot=/ --enable-clocale=gnu --enable-libstdcxx-debug --enable-libstdcxx-time=yes --enable-gnu-unique-object --enable-plugin --with-system-zlib --disable-browser-plugin --enable-java-awt=gtk --enable-gtk-cairo --with-java-home=/usr/lib/jvm/java-1.5.0-gcj-4.8-amd64/jre --enable-java-home --with-jvm-root-dir=/usr/lib/jvm/java-1.5.0-gcj-4.8-amd64 --with-jvm-jar-dir=/usr/lib/jvm-exports/java-1.5.0-gcj-4.8-amd64 --with-arch-directory=amd64 --with-ecj-jar=/usr/share/java/eclipse-ecj.jar --enable-objc-gc --enable-multiarch --disable-werror --with-arch-32=i686 --with-abi=m64 --with-multilib-list=m32,m64,mx32 --with-tune=generic --enable-checking=release --build=x86_64-linux-gnu --host=x86_64-linux-gnu --target=x86_64-linux-gnu
Thread model: posix
gcc version 4.8.1 (Ubuntu/Linaro 4.8.1-10ubuntu9) 
configure:3918: $? = 0
configure:3907: gcc -V >&5
gcc: error: unrecognized command line option '-V'
gcc: fatal error: no input files
compilation terminated.
configure:3918: $? = 4
configure:3907: gcc -qversion >&5
gcc: error: unrecognized command line option '-qversion'
gcc: fatal error: no input files
compilation terminated.
configure:3918: $? = 4
configure:3922: checking whether we are using the GNU C compiler
configure:3941: gcc -c   conftest.c >&5
configure:3941: $? = 0
configure:3950: result: yes
configure:3959: checking whether gcc accepts -g
configure:3979: gcc -c -g  conftest.c >&5
configure:3979: $? = 0
configure:4020: result: yes
configure:4037: checking for gcc option to accept ISO C89
configure:4100: gcc  -c -g -O2  conftest.c >&5
configure:4100: $? = 0
configure:4113: result: none needed
configure:4135: checking dependency style of gcc
configure:4246: result: gcc3
configure:4262: checking whether gcc and cc understand -c and -o together
configure:4293: gcc -c conftest.c -o conftest2.o >&5
configure:4297: $? = 0
configure:4303: gcc -c conftest.c -o conftest2.o >&5
configure:4307: $? = 0
configure:4318: cc -c conftest.c >&5
configure:4322: $? = 0
configure:4330: cc -c conftest.c -o conftest2.o >&5
configure:4334: $? = 0
configure:4340: cc -c conftest.c -o conftest2.o >&5
configure:4344: $? = 0
configure:4362: result: yes
configure:4395: checking whether g++ supports C++11 features by default
configure:4421: g++ -c -g -O2  conftest.cpp >&5
conftest.cpp:15:21: error: expected identifier before 'sizeof'
       static_assert(sizeof(int) <= sizeof(T), "not big enough");
                     ^
conftest.cpp:15:21: error: expected ',' or '...' before 'sizeof'
conftest.cpp:15:63: error: ISO C++ forbids declaration of 'static_assert' with no type [-fpermissive]
       static_assert(sizeof(int) <= sizeof(T), "not big enough");
                                                               ^
conftest.cpp:18:29: error: '>>' should be '> >' within a nested template argument list
     typedef check<check<bool>> right_angle_brackets;
                             ^
conftest.cpp:21:13: error: expected constructor, destructor, or type conversion before '(' token
     decltype(a) b;
             ^
conftest.cpp:25:15: error: expected unqualified-id before '&&' token
     check_type&& cr = static_cast<check_type&&>(c);
               ^
conftest.cpp:27:10: error: 'd' does not name a type
     auto d = a;
          ^
configure:4421: $? = 1
configure: failed program was:
| /* confdefs.h */
| #define PACKAGE_NAME "Stacks"
| #define PACKAGE_TARNAME "stacks"
| #define PACKAGE_VERSION "1.18"
| #define PACKAGE_STRING "Stacks 1.18"
| #define PACKAGE_BUGREPORT ""
| #define PACKAGE_URL ""
| #define PACKAGE "stacks"
| #define VERSION "1.18"
| /* end confdefs.h.  */
| 
|   template <typename T>
|     struct check
|     {
|       static_assert(sizeof(int) <= sizeof(T), "not big enough");
|     };
| 
|     typedef check<check<bool>> right_angle_brackets;
| 
|     int a;
|     decltype(a) b;
| 
|     typedef check<int> check_type;
|     check_type c;
|     check_type&& cr = static_cast<check_type&&>(c);
| 
|     auto d = a;
| 
configure:4428: result: no
configure:4437: checking whether g++ supports C++11 features with -std=gnu++11
configure:4465: g++ -c -g -O2 -std=gnu++11  conftest.cpp >&5
configure:4465: $? = 0
configure:4474: result: yes
configure:4561: checking for omp_set_num_threads in -lgomp
configure:4586: gcc -o conftest -g -O2   conftest.c -lgomp   >&5
configure:4586: $? = 0
configure:4595: result: yes
configure:4609: checking for gzread in -lz
configure:4634: gcc -o conftest -g -O2   conftest.c -lz  -lgomp  >&5
configure:4634: $? = 0
configure:4643: result: yes
configure:4661: checking for dirent.h that defines DIR
configure:4680: gcc -c -g -O2  conftest.c >&5
configure:4680: $? = 0
configure:4688: result: yes
configure:4701: checking for library containing opendir
configure:4732: gcc -o conftest -g -O2   conftest.c -lz -lgomp  >&5
configure:4732: $? = 0
configure:4749: result: none required
configure:4821: checking how to run the C preprocessor
configure:4852: gcc -E  conftest.c
configure:4852: $? = 0
configure:4866: gcc -E  conftest.c
conftest.c:15:28: fatal error: ac_nonexistent.h: No such file or directory
 #include <ac_nonexistent.h>
                            ^
compilation terminated.
configure:4866: $? = 1
configure: failed program was:
| /* confdefs.h */
| #define PACKAGE_NAME "Stacks"
| #define PACKAGE_TARNAME "stacks"
| #define PACKAGE_VERSION "1.18"
| #define PACKAGE_STRING "Stacks 1.18"
| #define PACKAGE_BUGREPORT ""
| #define PACKAGE_URL ""
| #define PACKAGE "stacks"
| #define VERSION "1.18"
| #define HAVE_CXX11 1
| #define HAVE_LIBGOMP 1
| #define HAVE_LIBZ 1
| #define HAVE_DIRENT_H 1
| /* end confdefs.h.  */
| #include <ac_nonexistent.h>
configure:4891: result: gcc -E
configure:4911: gcc -E  conftest.c
configure:4911: $? = 0
configure:4925: gcc -E  conftest.c
conftest.c:15:28: fatal error: ac_nonexistent.h: No such file or directory
 #include <ac_nonexistent.h>
                            ^
compilation terminated.
configure:4925: $? = 1
configure: failed program was:
| /* confdefs.h */
| #define PACKAGE_NAME "Stacks"
| #define PACKAGE_TARNAME "stacks"
| #define PACKAGE_VERSION "1.18"
| #define PACKAGE_STRING "Stacks 1.18"
| #define PACKAGE_BUGREPORT ""
| #define PACKAGE_URL ""
| #define PACKAGE "stacks"
| #define VERSION "1.18"
| #define HAVE_CXX11 1
| #define HAVE_LIBGOMP 1
| #define HAVE_LIBZ 1
| #define HAVE_DIRENT_H 1
| /* end confdefs.h.  */
| #include <ac_nonexistent.h>
configure:4954: checking for grep that handles long lines and -e
configure:5012: result: /bin/grep
configure:5017: checking for egrep
configure:5079: result: /bin/grep -E
configure:5084: checking for ANSI C header files
configure:5104: gcc -c -g -O2  conftest.c >&5
configure:5104: $? = 0
configure:5177: gcc -o conftest -g -O2   conftest.c -lz -lgomp  >&5
configure:5177: $? = 0
configure:5177: ./conftest
configure:5177: $? = 0
configure:5188: result: yes
configure:5201: checking for sys/types.h
configure:5201: gcc -c -g -O2  conftest.c >&5
configure:5201: $? = 0
configure:5201: result: yes
configure:5201: checking for sys/stat.h
configure:5201: gcc -c -g -O2  conftest.c >&5
configure:5201: $? = 0
configure:5201: result: yes
configure:5201: checking for stdlib.h
configure:5201: gcc -c -g -O2  conftest.c >&5
configure:5201: $? = 0
configure:5201: result: yes
configure:5201: checking for string.h
configure:5201: gcc -c -g -O2  conftest.c >&5
configure:5201: $? = 0
configure:5201: result: yes
configure:5201: checking for memory.h
configure:5201: gcc -c -g -O2  conftest.c >&5
configure:5201: $? = 0
configure:5201: result: yes
configure:5201: checking for strings.h
configure:5201: gcc -c -g -O2  conftest.c >&5
configure:5201: $? = 0
configure:5201: result: yes
configure:5201: checking for inttypes.h
configure:5201: gcc -c -g -O2  conftest.c >&5
configure:5201: $? = 0
configure:5201: result: yes
configure:5201: checking for stdint.h
configure:5201: gcc -c -g -O2  conftest.c >&5
configure:5201: $? = 0
configure:5201: result: yes
configure:5201: checking for unistd.h
configure:5201: gcc -c -g -O2  conftest.c >&5
configure:5201: $? = 0
configure:5201: result: yes
configure:5216: checking float.h usability
configure:5216: gcc -c -g -O2  conftest.c >&5
configure:5216: $? = 0
configure:5216: result: yes
configure:5216: checking float.h presence
configure:5216: gcc -E  conftest.c
configure:5216: $? = 0
configure:5216: result: yes
configure:5216: checking for float.h
configure:5216: result: yes
configure:5216: checking limits.h usability
configure:5216: gcc -c -g -O2  conftest.c >&5
configure:5216: $? = 0
configure:5216: result: yes
configure:5216: checking limits.h presence
configure:5216: gcc -E  conftest.c
configure:5216: $? = 0
configure:5216: result: yes
configure:5216: checking for limits.h
configure:5216: result: yes
configure:5216: checking for stdlib.h
configure:5216: result: yes
configure:5216: checking for string.h
configure:5216: result: yes
configure:5236: checking for gcc option to support OpenMP
configure:5251: gcc -o conftest -g -O2   conftest.c -lz -lgomp  >&5
conftest.c:31:2: error: unknown type name 'choke'
  choke me
  ^
In file included from conftest.c:33:0:
/usr/lib/gcc/x86_64-linux-gnu/4.8/include/omp.h:34:1: error: expected '=', ',', ';', 'asm' or '__attribute__' before 'typedef'
 typedef struct
 ^
configure:5251: $? = 1
configure: failed program was:
| /* confdefs.h */
| #define PACKAGE_NAME "Stacks"
| #define PACKAGE_TARNAME "stacks"
| #define PACKAGE_VERSION "1.18"
| #define PACKAGE_STRING "Stacks 1.18"
| #define PACKAGE_BUGREPORT ""
| #define PACKAGE_URL ""
| #define PACKAGE "stacks"
| #define VERSION "1.18"
| #define HAVE_CXX11 1
| #define HAVE_LIBGOMP 1
| #define HAVE_LIBZ 1
| #define HAVE_DIRENT_H 1
| #define STDC_HEADERS 1
| #define HAVE_SYS_TYPES_H 1
| #define HAVE_SYS_STAT_H 1
| #define HAVE_STDLIB_H 1
| #define HAVE_STRING_H 1
| #define HAVE_MEMORY_H 1
| #define HAVE_STRINGS_H 1
| #define HAVE_INTTYPES_H 1
| #define HAVE_STDINT_H 1
| #define HAVE_UNISTD_H 1
| #define HAVE_FLOAT_H 1
| #define HAVE_LIMITS_H 1
| #define HAVE_STDLIB_H 1
| #define HAVE_STRING_H 1
| /* end confdefs.h.  */
| 
| #ifndef _OPENMP
|  choke me
| #endif
| #include <omp.h>
| int main () { return omp_get_num_threads (); }
| 
configure:5269: gcc -o conftest -g -O2 -fopenmp   conftest.c -lz -lgomp  >&5
configure:5269: $? = 0
configure:5283: result: -fopenmp
configure:5296: checking for stdbool.h that conforms to C99
configure:5363: gcc -c -g -O2  conftest.c >&5
configure:5363: $? = 0
configure:5370: result: yes
configure:5372: checking for _Bool
configure:5372: gcc -c -g -O2  conftest.c >&5
configure:5372: $? = 0
configure:5372: gcc -c -g -O2  conftest.c >&5
conftest.c: In function 'main':
conftest.c:65:20: error: expected expression before ')' token
 if (sizeof ((_Bool)))
                    ^
configure:5372: $? = 1
configure: failed program was:
| /* confdefs.h */
| #define PACKAGE_NAME "Stacks"
| #define PACKAGE_TARNAME "stacks"
| #define PACKAGE_VERSION "1.18"
| #define PACKAGE_STRING "Stacks 1.18"
| #define PACKAGE_BUGREPORT ""
| #define PACKAGE_URL ""
| #define PACKAGE "stacks"
| #define VERSION "1.18"
| #define HAVE_CXX11 1
| #define HAVE_LIBGOMP 1
| #define HAVE_LIBZ 1
| #define HAVE_DIRENT_H 1
| #define STDC_HEADERS 1
| #define HAVE_SYS_TYPES_H 1
| #define HAVE_SYS_STAT_H 1
| #define HAVE_STDLIB_H 1
| #define HAVE_STRING_H 1
| #define HAVE_MEMORY_H 1
| #define HAVE_STRINGS_H 1
| #define HAVE_INTTYPES_H 1
| #define HAVE_STDINT_H 1
| #define HAVE_UNISTD_H 1
| #define HAVE_FLOAT_H 1
| #define HAVE_LIMITS_H 1
| #define HAVE_STDLIB_H 1
| #define HAVE_STRING_H 1
| /* end confdefs.h.  */
| #include <stdio.h>
| #ifdef HAVE_SYS_TYPES_H
| # include <sys/types.h>
| #endif
| #ifdef HAVE_SYS_STAT_H
| # include <sys/stat.h>
| #endif
| #ifdef STDC_HEADERS
| # include <stdlib.h>
| # include <stddef.h>
| #else
| # ifdef HAVE_STDLIB_H
| #  include <stdlib.h>
| # endif
| #endif
| #ifdef HAVE_STRING_H
| # if !defined STDC_HEADERS && defined HAVE_MEMORY_H
| #  include <memory.h>
| # endif
| # include <string.h>
| #endif
| #ifdef HAVE_STRINGS_H
| # include <strings.h>
| #endif
| #ifdef HAVE_INTTYPES_H
| # include <inttypes.h>
| #endif
| #ifdef HAVE_STDINT_H
| # include <stdint.h>
| #endif
| #ifdef HAVE_UNISTD_H
| # include <unistd.h>
| #endif
| int
| main ()
| {
| if (sizeof ((_Bool)))
| 	    return 0;
|   ;
|   return 0;
| }
configure:5372: result: yes
configure:5389: checking for an ANSI C-conforming const
configure:5455: gcc -c -g -O2  conftest.c >&5
configure:5455: $? = 0
configure:5462: result: yes
configure:5470: checking for size_t
configure:5470: gcc -c -g -O2  conftest.c >&5
configure:5470: $? = 0
configure:5470: gcc -c -g -O2  conftest.c >&5
conftest.c: In function 'main':
conftest.c:67:21: error: expected expression before ')' token
 if (sizeof ((size_t)))
                     ^
configure:5470: $? = 1
configure: failed program was:
| /* confdefs.h */
| #define PACKAGE_NAME "Stacks"
| #define PACKAGE_TARNAME "stacks"
| #define PACKAGE_VERSION "1.18"
| #define PACKAGE_STRING "Stacks 1.18"
| #define PACKAGE_BUGREPORT ""
| #define PACKAGE_URL ""
| #define PACKAGE "stacks"
| #define VERSION "1.18"
| #define HAVE_CXX11 1
| #define HAVE_LIBGOMP 1
| #define HAVE_LIBZ 1
| #define HAVE_DIRENT_H 1
| #define STDC_HEADERS 1
| #define HAVE_SYS_TYPES_H 1
| #define HAVE_SYS_STAT_H 1
| #define HAVE_STDLIB_H 1
| #define HAVE_STRING_H 1
| #define HAVE_MEMORY_H 1
| #define HAVE_STRINGS_H 1
| #define HAVE_INTTYPES_H 1
| #define HAVE_STDINT_H 1
| #define HAVE_UNISTD_H 1
| #define HAVE_FLOAT_H 1
| #define HAVE_LIMITS_H 1
| #define HAVE_STDLIB_H 1
| #define HAVE_STRING_H 1
| #define HAVE__BOOL 1
| #define HAVE_STDBOOL_H 1
| /* end confdefs.h.  */
| #include <stdio.h>
| #ifdef HAVE_SYS_TYPES_H
| # include <sys/types.h>
| #endif
| #ifdef HAVE_SYS_STAT_H
| # include <sys/stat.h>
| #endif
| #ifdef STDC_HEADERS
| # include <stdlib.h>
| # include <stddef.h>
| #else
| # ifdef HAVE_STDLIB_H
| #  include <stdlib.h>
| # endif
| #endif
| #ifdef HAVE_STRING_H
| # if !defined STDC_HEADERS && defined HAVE_MEMORY_H
| #  include <memory.h>
| # endif
| # include <string.h>
| #endif
| #ifdef HAVE_STRINGS_H
| # include <strings.h>
| #endif
| #ifdef HAVE_INTTYPES_H
| # include <inttypes.h>
| #endif
| #ifdef HAVE_STDINT_H
| # include <stdint.h>
| #endif
| #ifdef HAVE_UNISTD_H
| # include <unistd.h>
| #endif
| int
| main ()
| {
| if (sizeof ((size_t)))
| 	    return 0;
|   ;
|   return 0;
| }
configure:5470: result: yes
configure:5483: checking whether closedir returns void
configure:5507: gcc -o conftest -g -O2   conftest.c -lz -lgomp  >&5
configure:5507: $? = 0
configure:5507: ./conftest
configure:5507: $? = 0
configure:5517: result: no
configure:5527: checking for stdlib.h
configure:5527: result: yes
configure:5537: checking for GNU libc compatible malloc
configure:5561: gcc -o conftest -g -O2   conftest.c -lz -lgomp  >&5
configure:5561: $? = 0
configure:5561: ./conftest
configure:5561: $? = 0
configure:5571: result: yes
configure:5594: checking for stdlib.h
configure:5594: result: yes
configure:5604: checking for GNU libc compatible realloc
configure:5628: gcc -o conftest -g -O2   conftest.c -lz -lgomp  >&5
configure:5628: $? = 0
configure:5628: ./conftest
configure:5628: $? = 0
configure:5638: result: yes
configure:5662: checking for floor
configure:5662: gcc -o conftest -g -O2   conftest.c -lz -lgomp  >&5
conftest.c:58:6: warning: conflicting types for built-in function 'floor' [enabled by default]
 char floor ();
      ^
/tmp/ccs309cF.o: In function `main':
/home/rubyg/src/stacks_over_https/stacks.BAK/conftest.c:69: undefined reference to `floor'
collect2: error: ld returned 1 exit status
configure:5662: $? = 1
configure: failed program was:
| /* confdefs.h */
| #define PACKAGE_NAME "Stacks"
| #define PACKAGE_TARNAME "stacks"
| #define PACKAGE_VERSION "1.18"
| #define PACKAGE_STRING "Stacks 1.18"
| #define PACKAGE_BUGREPORT ""
| #define PACKAGE_URL ""
| #define PACKAGE "stacks"
| #define VERSION "1.18"
| #define HAVE_CXX11 1
| #define HAVE_LIBGOMP 1
| #define HAVE_LIBZ 1
| #define HAVE_DIRENT_H 1
| #define STDC_HEADERS 1
| #define HAVE_SYS_TYPES_H 1
| #define HAVE_SYS_STAT_H 1
| #define HAVE_STDLIB_H 1
| #define HAVE_STRING_H 1
| #define HAVE_MEMORY_H 1
| #define HAVE_STRINGS_H 1
| #define HAVE_INTTYPES_H 1
| #define HAVE_STDINT_H 1
| #define HAVE_UNISTD_H 1
| #define HAVE_FLOAT_H 1
| #define HAVE_LIMITS_H 1
| #define HAVE_STDLIB_H 1
| #define HAVE_STRING_H 1
| #define HAVE__BOOL 1
| #define HAVE_STDBOOL_H 1
| #define HAVE_STDLIB_H 1
| #define HAVE_MALLOC 1
| #define HAVE_STDLIB_H 1
| #define HAVE_REALLOC 1
| /* end confdefs.h.  */
| /* Define floor to an innocuous variant, in case <limits.h> declares floor.
|    For example, HP-UX 11i <limits.h> declares gettimeofday.  */
| #define floor innocuous_floor
| 
| /* System header to define __stub macros and hopefully few prototypes,
|     which can conflict with char floor (); below.
|     Prefer <limits.h> to <assert.h> if __STDC__ is defined, since
|     <limits.h> exists even on freestanding compilers.  */
| 
| #ifdef __STDC__
| # include <limits.h>
| #else
| # include <assert.h>
| #endif
| 
| #undef floor
| 
| /* Override any GCC internal prototype to avoid an error.
|    Use char because int might match the return type of a GCC
|    builtin and then its argument prototype would still apply.  */
| #ifdef __cplusplus
| extern "C"
| #endif
| char floor ();
| /* The GNU C library defines this for functions which it implements
|     to always fail with ENOSYS.  Some functions are actually named
|     something starting with __ and the normal name is an alias.  */
| #if defined __stub_floor || defined __stub___floor
| choke me
| #endif
| 
| int
| main ()
| {
| return floor ();
|   ;
|   return 0;
| }
configure:5662: result: no
configure:5662: checking for memset
configure:5662: gcc -o conftest -g -O2   conftest.c -lz -lgomp  >&5
conftest.c:58:6: warning: conflicting types for built-in function 'memset' [enabled by default]
 char memset ();
      ^
configure:5662: $? = 0
configure:5662: result: yes
configure:5662: checking for pow
configure:5662: gcc -o conftest -g -O2   conftest.c -lz -lgomp  >&5
conftest.c:59:6: warning: conflicting types for built-in function 'pow' [enabled by default]
 char pow ();
      ^
/tmp/ccA9blwP.o: In function `main':
/home/rubyg/src/stacks_over_https/stacks.BAK/conftest.c:70: undefined reference to `pow'
collect2: error: ld returned 1 exit status
configure:5662: $? = 1
configure: failed program was:
| /* confdefs.h */
| #define PACKAGE_NAME "Stacks"
| #define PACKAGE_TARNAME "stacks"
| #define PACKAGE_VERSION "1.18"
| #define PACKAGE_STRING "Stacks 1.18"
| #define PACKAGE_BUGREPORT ""
| #define PACKAGE_URL ""
| #define PACKAGE "stacks"
| #define VERSION "1.18"
| #define HAVE_CXX11 1
| #define HAVE_LIBGOMP 1
| #define HAVE_LIBZ 1
| #define HAVE_DIRENT_H 1
| #define STDC_HEADERS 1
| #define HAVE_SYS_TYPES_H 1
| #define HAVE_SYS_STAT_H 1
| #define HAVE_STDLIB_H 1
| #define HAVE_STRING_H 1
| #define HAVE_MEMORY_H 1
| #define HAVE_STRINGS_H 1
| #define HAVE_INTTYPES_H 1
| #define HAVE_STDINT_H 1
| #define HAVE_UNISTD_H 1
| #define HAVE_FLOAT_H 1
| #define HAVE_LIMITS_H 1
| #define HAVE_STDLIB_H 1
| #define HAVE_STRING_H 1
| #define HAVE__BOOL 1
| #define HAVE_STDBOOL_H 1
| #define HAVE_STDLIB_H 1
| #define HAVE_MALLOC 1
| #define HAVE_STDLIB_H 1
| #define HAVE_REALLOC 1
| #define HAVE_MEMSET 1
| /* end confdefs.h.  */
| /* Define pow to an innocuous variant, in case <limits.h> declares pow.
|    For example, HP-UX 11i <limits.h> declares gettimeofday.  */
| #define pow innocuous_pow
| 
| /* System header to define __stub macros and hopefully few prototypes,
|     which can conflict with char pow (); below.
|     Prefer <limits.h> to <assert.h> if __STDC__ is defined, since
|     <limits.h> exists even on freestanding compilers.  */
| 
| #ifdef __STDC__
| # include <limits.h>
| #else
| # include <assert.h>
| #endif
| 
| #undef pow
| 
| /* Override any GCC internal prototype to avoid an error.
|    Use char because int might match the return type of a GCC
|    builtin and then its argument prototype would still apply.  */
| #ifdef __cplusplus
| extern "C"
| #endif
| char pow ();
| /* The GNU C library defines this for functions which it implements
|     to always fail with ENOSYS.  Some functions are actually named
|     something starting with __ and the normal name is an alias.  */
| #if defined __stub_pow || defined __stub___pow
| choke me
| #endif
| 
| int
| main ()
| {
| return pow ();
|   ;
|   return 0;
| }
configure:5662: result: no
configure:5662: checking for sqrt
configure:5662: gcc -o conftest -g -O2   conftest.c -lz -lgomp  >&5
conftest.c:59:6: warning: conflicting types for built-in function 'sqrt' [enabled by default]
 char sqrt ();
      ^
/tmp/ccC0fEsS.o: In function `main':
/home/rubyg/src/stacks_over_https/stacks.BAK/conftest.c:70: undefined reference to `sqrt'
collect2: error: ld returned 1 exit status
configure:5662: $? = 1
configure: failed program was:
| /* confdefs.h */
| #define PACKAGE_NAME "Stacks"
| #define PACKAGE_TARNAME "stacks"
| #define PACKAGE_VERSION "1.18"
| #define PACKAGE_STRING "Stacks 1.18"
| #define PACKAGE_BUGREPORT ""
| #define PACKAGE_URL ""
| #define PACKAGE "stacks"
| #define VERSION "1.18"
| #define HAVE_CXX11 1
| #define HAVE_LIBGOMP 1
| #define HAVE_LIBZ 1
| #define HAVE_DIRENT_H 1
| #define STDC_HEADERS 1
| #define HAVE_SYS_TYPES_H 1
| #define HAVE_SYS_STAT_H 1
| #define HAVE_STDLIB_H 1
| #define HAVE_STRING_H 1
| #define HAVE_MEMORY_H 1
| #define HAVE_STRINGS_H 1
| #define HAVE_INTTYPES_H 1
| #define HAVE_STDINT_H 1
| #define HAVE_UNISTD_H 1
| #define HAVE_FLOAT_H 1
| #define HAVE_LIMITS_H 1
| #define HAVE_STDLIB_H 1
| #define HAVE_STRING_H 1
| #define HAVE__BOOL 1
| #define HAVE_STDBOOL_H 1
| #define HAVE_STDLIB_H 1
| #define HAVE_MALLOC 1
| #define HAVE_STDLIB_H 1
| #define HAVE_REALLOC 1
| #define HAVE_MEMSET 1
| /* end confdefs.h.  */
| /* Define sqrt to an innocuous variant, in case <limits.h> declares sqrt.
|    For example, HP-UX 11i <limits.h> declares gettimeofday.  */
| #define sqrt innocuous_sqrt
| 
| /* System header to define __stub macros and hopefully few prototypes,
|     which can conflict with char sqrt (); below.
|     Prefer <limits.h> to <assert.h> if __STDC__ is defined, since
|     <limits.h> exists even on freestanding compilers.  */
| 
| #ifdef __STDC__
| # include <limits.h>
| #else
| # include <assert.h>
| #endif
| 
| #undef sqrt
| 
| /* Override any GCC internal prototype to avoid an error.
|    Use char because int might match the return type of a GCC
|    builtin and then its argument prototype would still apply.  */
| #ifdef __cplusplus
| extern "C"
| #endif
| char sqrt ();
| /* The GNU C library defines this for functions which it implements
|     to always fail with ENOSYS.  Some functions are actually named
|     something starting with __ and the normal name is an alias.  */
| #if defined __stub_sqrt || defined __stub___sqrt
| choke me
| #endif
| 
| int
| main ()
| {
| return sqrt ();
|   ;
|   return 0;
| }
configure:5662: result: no
configure:5677: checking for gawk
configure:5704: result: mawk
configure:5827: checking that generated files are newer than configure
configure:5833: result: done
configure:5860: creating ./config.status

## ---------------------- ##
## Running config.status. ##
## ---------------------- ##

This file was extended by Stacks config.status 1.18, which was
generated by GNU Autoconf 2.69.  Invocation command line was

  CONFIG_FILES    = 
  CONFIG_HEADERS  = 
  CONFIG_LINKS    = 
  CONFIG_COMMANDS = 
  $ ./config.status 

on rubyg-Dell-System-Inspiron-15-7000-Series-7537

config.status:878: creating Makefile
config.status:878: creating config.h
config.status:1059: config.h is unchanged
config.status:1107: executing depfiles commands

## ---------------- ##
## Cache variables. ##
## ---------------- ##

ac_cv_c_compiler_gnu=yes
ac_cv_c_const=yes
ac_cv_cxx_compiler_gnu=yes
ac_cv_env_CCC_set=
ac_cv_env_CCC_value=
ac_cv_env_CC_set=
ac_cv_env_CC_value=
ac_cv_env_CFLAGS_set=
ac_cv_env_CFLAGS_value=
ac_cv_env_CPPFLAGS_set=
ac_cv_env_CPPFLAGS_value=
ac_cv_env_CPP_set=
ac_cv_env_CPP_value=
ac_cv_env_CXXFLAGS_set=
ac_cv_env_CXXFLAGS_value=
ac_cv_env_CXX_set=
ac_cv_env_CXX_value=
ac_cv_env_LDFLAGS_set=
ac_cv_env_LDFLAGS_value=
ac_cv_env_LIBS_set=
ac_cv_env_LIBS_value=
ac_cv_env_build_alias_set=
ac_cv_env_build_alias_value=
ac_cv_env_host_alias_set=
ac_cv_env_host_alias_value=
ac_cv_env_target_alias_set=
ac_cv_env_target_alias_value=
ac_cv_func_closedir_void=no
ac_cv_func_floor=no
ac_cv_func_malloc_0_nonnull=yes
ac_cv_func_memset=yes
ac_cv_func_pow=no
ac_cv_func_realloc_0_nonnull=yes
ac_cv_func_sqrt=no
ac_cv_header_dirent_dirent_h=yes
ac_cv_header_float_h=yes
ac_cv_header_inttypes_h=yes
ac_cv_header_limits_h=yes
ac_cv_header_memory_h=yes
ac_cv_header_stdbool_h=yes
ac_cv_header_stdc=yes
ac_cv_header_stdint_h=yes
ac_cv_header_stdlib_h=yes
ac_cv_header_string_h=yes
ac_cv_header_strings_h=yes
ac_cv_header_sys_stat_h=yes
ac_cv_header_sys_types_h=yes
ac_cv_header_unistd_h=yes
ac_cv_lib_gomp_omp_set_num_threads=yes
ac_cv_lib_z_gzread=yes
ac_cv_objext=o
ac_cv_path_EGREP='/bin/grep -E'
ac_cv_path_GREP=/bin/grep
ac_cv_path_install='/usr/bin/install -c'
ac_cv_path_mkdir=/bin/mkdir
ac_cv_prog_AWK=mawk
ac_cv_prog_CPP='gcc -E'
ac_cv_prog_ac_ct_CC=gcc
ac_cv_prog_ac_ct_CXX=g++
ac_cv_prog_c_openmp=-fopenmp
ac_cv_prog_cc_c89=
ac_cv_prog_cc_g=yes
ac_cv_prog_cc_gcc_c_o=yes
ac_cv_prog_cxx_g=yes
ac_cv_prog_make_make_set=yes
ac_cv_search_opendir='none required'
ac_cv_type__Bool=yes
ac_cv_type_size_t=yes
am_cv_CC_dependencies_compiler_type=gcc3
am_cv_CXX_dependencies_compiler_type=gcc3
am_cv_make_support_nested_variables=yes
ax_cv_cxx_compile_cxx11=no
ax_cv_cxx_compile_cxx11__std_gnupp11=yes

## ----------------- ##
## Output variables. ##
## ----------------- ##

ACLOCAL='${SHELL} /home/rubyg/src/stacks_over_https/stacks.BAK/config/missing aclocal-1.13'
AMDEPBACKSLASH='\'
AMDEP_FALSE='#'
AMDEP_TRUE=''
AMTAR='$${TAR-tar}'
AM_BACKSLASH='\'
AM_DEFAULT_V='$(AM_DEFAULT_VERBOSITY)'
AM_DEFAULT_VERBOSITY='1'
AM_V='$(V)'
AUTOCONF='${SHELL} /home/rubyg/src/stacks_over_https/stacks.BAK/config/missing autoconf'
AUTOHEADER='${SHELL} /home/rubyg/src/stacks_over_https/stacks.BAK/config/missing autoheader'
AUTOMAKE='${SHELL} /home/rubyg/src/stacks_over_https/stacks.BAK/config/missing automake-1.13'
AWK='mawk'
BAM_CFLAGS=''
BAM_LIBS=''
CC='gcc'
CCDEPMODE='depmode=gcc3'
CFLAGS='-g -O2'
CPP='gcc -E'
CPPFLAGS=''
CXX='g++'
CXXDEPMODE='depmode=gcc3'
CXXFLAGS='-g -O2 -std=gnu++11'
CYGPATH_W='echo'
DEFS='-DHAVE_CONFIG_H'
DEPDIR='.deps'
ECHO_C=''
ECHO_N='-n'
ECHO_T=''
EGREP='/bin/grep -E'
EXEEXT=''
GREP='/bin/grep'
HAVE_CXX11='1'
INSTALL_DATA='${INSTALL} -m 644'
INSTALL_PROGRAM='${INSTALL}'
INSTALL_SCRIPT='${INSTALL}'
INSTALL_STRIP_PROGRAM='$(install_sh) -c -s'
LDFLAGS=''
LIBOBJS=''
LIBS='-lz -lgomp '
LTLIBOBJS=''
MAKEINFO='${SHELL} /home/rubyg/src/stacks_over_https/stacks.BAK/config/missing makeinfo'
MKDIR_P='/bin/mkdir -p'
OBJEXT='o'
OPENMP_CFLAGS='-fopenmp'
PACKAGE='stacks'
PACKAGE_BUGREPORT=''
PACKAGE_NAME='Stacks'
PACKAGE_STRING='Stacks 1.18'
PACKAGE_TARNAME='stacks'
PACKAGE_URL=''
PACKAGE_VERSION='1.18'
PATH_SEPARATOR=':'
SET_MAKE=''
SHELL='/bin/bash'
SPARSEHASH_CFLAGS=''
STRIP=''
VERSION='1.18'
ac_ct_CC='gcc'
ac_ct_CXX='g++'
am__EXEEXT_FALSE=''
am__EXEEXT_TRUE='#'
am__fastdepCC_FALSE='#'
am__fastdepCC_TRUE=''
am__fastdepCXX_FALSE='#'
am__fastdepCXX_TRUE=''
am__include='include'
am__isrc=''
am__leading_dot='.'
am__nodep='_no'
am__quote=''
am__tar='$${TAR-tar} chof - "$$tardir"'
am__untar='$${TAR-tar} xf -'
bindir='${exec_prefix}/bin'
build_alias=''
datadir='${datarootdir}'
datarootdir='${prefix}/share'
docdir='${datarootdir}/doc/${PACKAGE_TARNAME}'
dvidir='${docdir}'
exec_prefix='${prefix}'
host_alias=''
htmldir='${docdir}'
includedir='${prefix}/include'
infodir='${datarootdir}/info'
install_sh='${SHELL} /home/rubyg/src/stacks_over_https/stacks.BAK/config/install-sh'
libdir='${exec_prefix}/lib'
libexecdir='${exec_prefix}/libexec'
localedir='${datarootdir}/locale'
localstatedir='${prefix}/var'
mandir='${datarootdir}/man'
mkdir_p='$(MKDIR_P)'
oldincludedir='/usr/include'
pdfdir='${docdir}'
prefix='/usr/local'
program_transform_name='s,x,x,'
psdir='${docdir}'
sbindir='${exec_prefix}/sbin'
sharedstatedir='${prefix}/com'
sysconfdir='${prefix}/etc'
target_alias=''

## ----------- ##
## confdefs.h. ##
## ----------- ##

/* confdefs.h */
#define PACKAGE_NAME "Stacks"
#define PACKAGE_TARNAME "stacks"
#define PACKAGE_VERSION "1.18"
#define PACKAGE_STRING "Stacks 1.18"
#define PACKAGE_BUGREPORT ""
#define PACKAGE_URL ""
#define PACKAGE "stacks"
#define VERSION "1.18"
#define HAVE_CXX11 1
#define HAVE_LIBGOMP 1
#define HAVE_LIBZ 1
#define HAVE_DIRENT_H 1
#define STDC_HEADERS 1
#define HAVE_SYS_TYPES_H 1
#define HAVE_SYS_STAT_H 1
#define HAVE_STDLIB_H 1
#define HAVE_STRING_H 1
#define HAVE_MEMORY_H 1
#define HAVE_STRINGS_H 1
#define HAVE_INTTYPES_H 1
#define HAVE_STDINT_H 1
#define HAVE_UNISTD_H 1
#define HAVE_FLOAT_H 1
#define HAVE_LIMITS_H 1
#define HAVE_STDLIB_H 1
#define HAVE_STRING_H 1
#define HAVE__BOOL 1
#define HAVE_STDBOOL_H 1
#define HAVE_STDLIB_H 1
#define HAVE_MALLOC 1
#define HAVE_STDLIB_H 1
#define HAVE_REALLOC 1
#define HAVE_MEMSET 1

configure: exit 0
